This file contains any messages produced by compilers while
running configure, to aid debugging if configure makes a mistake.

It was created by configure, which was
generated by GNU Autoconf 2.59.  Invocation command line was

  $ ./configure --host=arm-none-linux-gnueabi --with-pcap=linux --prefix=/home/smb/vte/openlibs/libpcap-0.9.6/../

## --------- ##
## Platform. ##
## --------- ##

hostname = localhost.localdomain
uname -m = i686
uname -r = 2.6.23.1-42.fc8
uname -s = Linux
uname -v = #1 SMP Tue Oct 30 13:55:12 EDT 2007

/usr/bin/uname -p = unknown
/bin/uname -X     = unknown

/bin/arch              = i686
/usr/bin/arch -k       = unknown
/usr/convex/getsysinfo = unknown
hostinfo               = unknown
/bin/machine           = unknown
/usr/bin/oslevel       = unknown
/bin/universe          = unknown

PATH: /usr/lib/qt-3.3/bin
PATH: /usr/kerberos/sbin
PATH: /usr/kerberos/bin
PATH: /usr/lib/ccache
PATH: /usr/local/sbin
PATH: /usr/local/bin
PATH: /sbin
PATH: /bin
PATH: /usr/sbin
PATH: /usr/bin
PATH: /root/bin
PATH: /opt/freescale/usr/local/gcc-4.1.2-glibc-2.5-nptl-3/arm-none-linux-gnueabi/bin
PATH: /usr/local/sbin
PATH: /usr/local/arm-gdb/bin


## ----------- ##
## Core tests. ##
## ----------- ##

configure:1345: checking build system type
configure:1363: result: i686-pc-linux-gnu
configure:1371: checking host system type
configure:1385: result: arm-none-linux-gnueabi
configure:1393: checking target system type
configure:1407: result: arm-none-linux-gnueabi
configure:1499: checking for arm-none-linux-gnueabi-gcc
configure:1515: found /opt/freescale/usr/local/gcc-4.1.2-glibc-2.5-nptl-3/arm-none-linux-gnueabi/bin/arm-none-linux-gnueabi-gcc
configure:1525: result: arm-none-linux-gnueabi-gcc
configure:1807: checking for C compiler version
configure:1810: arm-none-linux-gnueabi-gcc --version </dev/null >&5
arm-none-linux-gnueabi-gcc (GCC) 4.1.2
Copyright (C) 2006 Free Software Foundation, Inc.
This is free software; see the source for copying conditions.  There is NO
warranty; not even for MERCHANTABILITY or FITNESS FOR A PARTICULAR PURPOSE.

configure:1813: $? = 0
configure:1815: arm-none-linux-gnueabi-gcc -v </dev/null >&5
Using built-in specs.
Target: arm-none-linux-gnueabi
Configured with: /usr/src/redhat/BUILD/cross-mlib/source/gcc-4.1.2/configure --target=arm-none-linux-gnueabi --host=i686-host_pc-linux-gnu --prefix=/opt/freescale/usr/local/gcc-4.1.2-glibc-2.5-nptl-3/arm-none-linux-gnueabi --with-sysroot=/opt/freescale/usr/local/gcc-4.1.2-glibc-2.5-nptl-3/arm-none-linux-gnueabi/arm-none-linux-gnueabi/sysroot --enable-threads --enable-shared --disable-libssp --disable-libgomp --disable-libmudflap --enable-languages=c,c++ --enable-__cxa_atexit --disable-nls
Thread model: posix
gcc version 4.1.2
configure:1818: $? = 0
configure:1820: arm-none-linux-gnueabi-gcc -V </dev/null >&5
arm-none-linux-gnueabi-gcc: '-V' option must have argument
configure:1823: $? = 1
configure:1846: checking for C compiler default output file name
configure:1849: arm-none-linux-gnueabi-gcc    conftest.c  >&5
configure:1852: $? = 0
configure:1898: result: a.out
configure:1903: checking whether the C compiler works
configure:1909: ./a.out
./configure: line 1910: ./a.out: cannot execute binary file
configure:1912: $? = 126
configure:1929: result: yes
configure:1936: checking whether we are cross compiling
configure:1938: result: yes
configure:1941: checking for suffix of executables
configure:1943: arm-none-linux-gnueabi-gcc -o conftest    conftest.c  >&5
configure:1946: $? = 0
configure:1971: result: 
configure:1977: checking for suffix of object files
configure:1998: arm-none-linux-gnueabi-gcc -c   conftest.c >&5
configure:2001: $? = 0
configure:2023: result: o
configure:2027: checking whether we are using the GNU C compiler
configure:2051: arm-none-linux-gnueabi-gcc -c   conftest.c >&5
configure:2057: $? = 0
configure:2061: test -z 
			 || test ! -s conftest.err
configure:2064: $? = 0
configure:2067: test -s conftest.o
configure:2070: $? = 0
configure:2083: result: yes
configure:2089: checking whether arm-none-linux-gnueabi-gcc accepts -g
configure:2110: arm-none-linux-gnueabi-gcc -c -g  conftest.c >&5
configure:2116: $? = 0
configure:2120: test -z 
			 || test ! -s conftest.err
configure:2123: $? = 0
configure:2126: test -s conftest.o
configure:2129: $? = 0
configure:2140: result: yes
configure:2157: checking for arm-none-linux-gnueabi-gcc option to accept ANSI C
configure:2227: arm-none-linux-gnueabi-gcc  -c -g -O2  conftest.c >&5
configure:2233: $? = 0
configure:2237: test -z 
			 || test ! -s conftest.err
configure:2240: $? = 0
configure:2243: test -s conftest.o
configure:2246: $? = 0
configure:2264: result: none needed
configure:2282: arm-none-linux-gnueabi-gcc -c -g -O2  conftest.c >&5
conftest.c:2: error: expected '=', ',', ';', 'asm' or '__attribute__' before 'me'
configure:2288: $? = 1
configure: failed program was:
| #ifndef __cplusplus
|   choke me
| #endif
configure:2426: checking gcc version
configure:2438: result: 4
configure:2660: checking for inline
configure:2701: arm-none-linux-gnueabi-gcc -c -O2  conftest.c >&5
configure:2707: $? = 0
configure:2711: test -z 
			 || test ! -s conftest.err
configure:2714: $? = 0
configure:2717: test -s conftest.o
configure:2720: $? = 0
configure:2740: result: inline
configure:2752: checking for __attribute__
configure:2783: arm-none-linux-gnueabi-gcc -c -g -O2  conftest.c >&5
configure:2789: $? = 0
configure:2793: test -z 
			 || test ! -s conftest.err
configure:2796: $? = 0
configure:2799: test -s conftest.o
configure:2802: $? = 0
configure:2824: result: yes
configure:2828: checking for u_int8_t using arm-none-linux-gnueabi-gcc
configure:2855: arm-none-linux-gnueabi-gcc -c -g -O2  conftest.c >&5
configure:2861: $? = 0
configure:2865: test -z 
			 || test ! -s conftest.err
configure:2868: $? = 0
configure:2871: test -s conftest.o
configure:2874: $? = 0
configure:2886: result: yes
configure:2895: checking for u_int16_t using arm-none-linux-gnueabi-gcc
configure:2922: arm-none-linux-gnueabi-gcc -c -g -O2  conftest.c >&5
configure:2928: $? = 0
configure:2932: test -z 
			 || test ! -s conftest.err
configure:2935: $? = 0
configure:2938: test -s conftest.o
configure:2941: $? = 0
configure:2953: result: yes
configure:2962: checking for u_int32_t using arm-none-linux-gnueabi-gcc
configure:2989: arm-none-linux-gnueabi-gcc -c -g -O2  conftest.c >&5
configure:2995: $? = 0
configure:2999: test -z 
			 || test ! -s conftest.err
configure:3002: $? = 0
configure:3005: test -s conftest.o
configure:3008: $? = 0
configure:3020: result: yes
configure:3035: checking how to run the C preprocessor
configure:3070: arm-none-linux-gnueabi-gcc -E  conftest.c
configure:3076: $? = 0
configure:3108: arm-none-linux-gnueabi-gcc -E  conftest.c
conftest.c:11:28: error: ac_nonexistent.h: No such file or directory
configure:3114: $? = 1
configure: failed program was:
| /* confdefs.h.  */
| 
| #define PACKAGE_NAME ""
| #define PACKAGE_TARNAME ""
| #define PACKAGE_VERSION ""
| #define PACKAGE_STRING ""
| #define PACKAGE_BUGREPORT ""
| #define inline inline
| #define HAVE___ATTRIBUTE__ 1
| /* end confdefs.h.  */
| #include <ac_nonexistent.h>
configure:3153: result: arm-none-linux-gnueabi-gcc -E
configure:3177: arm-none-linux-gnueabi-gcc -E  conftest.c
configure:3183: $? = 0
configure:3215: arm-none-linux-gnueabi-gcc -E  conftest.c
conftest.c:11:28: error: ac_nonexistent.h: No such file or directory
configure:3221: $? = 1
configure: failed program was:
| /* confdefs.h.  */
| 
| #define PACKAGE_NAME ""
| #define PACKAGE_TARNAME ""
| #define PACKAGE_VERSION ""
| #define PACKAGE_STRING ""
| #define PACKAGE_BUGREPORT ""
| #define inline inline
| #define HAVE___ATTRIBUTE__ 1
| /* end confdefs.h.  */
| #include <ac_nonexistent.h>
configure:3265: checking for egrep
configure:3275: result: grep -E
configure:3280: checking for ANSI C header files
configure:3305: arm-none-linux-gnueabi-gcc -c -g -O2  conftest.c >&5
configure:3311: $? = 0
configure:3315: test -z 
			 || test ! -s conftest.err
configure:3318: $? = 0
configure:3321: test -s conftest.o
configure:3324: $? = 0
configure:3436: result: yes
configure:3460: checking for sys/types.h
configure:3476: arm-none-linux-gnueabi-gcc -c -g -O2  conftest.c >&5
configure:3482: $? = 0
configure:3486: test -z 
			 || test ! -s conftest.err
configure:3489: $? = 0
configure:3492: test -s conftest.o
configure:3495: $? = 0
configure:3506: result: yes
configure:3460: checking for sys/stat.h
configure:3476: arm-none-linux-gnueabi-gcc -c -g -O2  conftest.c >&5
configure:3482: $? = 0
configure:3486: test -z 
			 || test ! -s conftest.err
configure:3489: $? = 0
configure:3492: test -s conftest.o
configure:3495: $? = 0
configure:3506: result: yes
configure:3460: checking for stdlib.h
configure:3476: arm-none-linux-gnueabi-gcc -c -g -O2  conftest.c >&5
configure:3482: $? = 0
configure:3486: test -z 
			 || test ! -s conftest.err
configure:3489: $? = 0
configure:3492: test -s conftest.o
configure:3495: $? = 0
configure:3506: result: yes
configure:3460: checking for string.h
configure:3476: arm-none-linux-gnueabi-gcc -c -g -O2  conftest.c >&5
configure:3482: $? = 0
configure:3486: test -z 
			 || test ! -s conftest.err
configure:3489: $? = 0
configure:3492: test -s conftest.o
configure:3495: $? = 0
configure:3506: result: yes
configure:3460: checking for memory.h
configure:3476: arm-none-linux-gnueabi-gcc -c -g -O2  conftest.c >&5
configure:3482: $? = 0
configure:3486: test -z 
			 || test ! -s conftest.err
configure:3489: $? = 0
configure:3492: test -s conftest.o
configure:3495: $? = 0
configure:3506: result: yes
configure:3460: checking for strings.h
configure:3476: arm-none-linux-gnueabi-gcc -c -g -O2  conftest.c >&5
configure:3482: $? = 0
configure:3486: test -z 
			 || test ! -s conftest.err
configure:3489: $? = 0
configure:3492: test -s conftest.o
configure:3495: $? = 0
configure:3506: result: yes
configure:3460: checking for inttypes.h
configure:3476: arm-none-linux-gnueabi-gcc -c -g -O2  conftest.c >&5
configure:3482: $? = 0
configure:3486: test -z 
			 || test ! -s conftest.err
configure:3489: $? = 0
configure:3492: test -s conftest.o
configure:3495: $? = 0
configure:3506: result: yes
configure:3460: checking for stdint.h
configure:3476: arm-none-linux-gnueabi-gcc -c -g -O2  conftest.c >&5
configure:3482: $? = 0
configure:3486: test -z 
			 || test ! -s conftest.err
configure:3489: $? = 0
configure:3492: test -s conftest.o
configure:3495: $? = 0
configure:3506: result: yes
configure:3460: checking for unistd.h
configure:3476: arm-none-linux-gnueabi-gcc -c -g -O2  conftest.c >&5
configure:3482: $? = 0
configure:3486: test -z 
			 || test ! -s conftest.err
configure:3489: $? = 0
configure:3492: test -s conftest.o
configure:3495: $? = 0
configure:3506: result: yes
configure:3535: checking sys/ioccom.h usability
configure:3547: arm-none-linux-gnueabi-gcc -c -g -O2  conftest.c >&5
conftest.c:55:24: error: sys/ioccom.h: No such file or directory
configure:3553: $? = 1
configure: failed program was:
| /* confdefs.h.  */
| 
| #define PACKAGE_NAME ""
| #define PACKAGE_TARNAME ""
| #define PACKAGE_VERSION ""
| #define PACKAGE_STRING ""
| #define PACKAGE_BUGREPORT ""
| #define inline inline
| #define HAVE___ATTRIBUTE__ 1
| #define STDC_HEADERS 1
| #define HAVE_SYS_TYPES_H 1
| #define HAVE_SYS_STAT_H 1
| #define HAVE_STDLIB_H 1
| #define HAVE_STRING_H 1
| #define HAVE_MEMORY_H 1
| #define HAVE_STRINGS_H 1
| #define HAVE_INTTYPES_H 1
| #define HAVE_STDINT_H 1
| #define HAVE_UNISTD_H 1
| /* end confdefs.h.  */
| #include <stdio.h>
| #if HAVE_SYS_TYPES_H
| # include <sys/types.h>
| #endif
| #if HAVE_SYS_STAT_H
| # include <sys/stat.h>
| #endif
| #if STDC_HEADERS
| # include <stdlib.h>
| # include <stddef.h>
| #else
| # if HAVE_STDLIB_H
| #  include <stdlib.h>
| # endif
| #endif
| #if HAVE_STRING_H
| # if !STDC_HEADERS && HAVE_MEMORY_H
| #  include <memory.h>
| # endif
| # include <string.h>
| #endif
| #if HAVE_STRINGS_H
| # include <strings.h>
| #endif
| #if HAVE_INTTYPES_H
| # include <inttypes.h>
| #else
| # if HAVE_STDINT_H
| #  include <stdint.h>
| # endif
| #endif
| #if HAVE_UNISTD_H
| # include <unistd.h>
| #endif
| #include <sys/ioccom.h>
configure:3576: result: no
configure:3580: checking sys/ioccom.h presence
configure:3590: arm-none-linux-gnueabi-gcc -E  conftest.c
conftest.c:21:24: error: sys/ioccom.h: No such file or directory
configure:3596: $? = 1
configure: failed program was:
| /* confdefs.h.  */
| 
| #define PACKAGE_NAME ""
| #define PACKAGE_TARNAME ""
| #define PACKAGE_VERSION ""
| #define PACKAGE_STRING ""
| #define PACKAGE_BUGREPORT ""
| #define inline inline
| #define HAVE___ATTRIBUTE__ 1
| #define STDC_HEADERS 1
| #define HAVE_SYS_TYPES_H 1
| #define HAVE_SYS_STAT_H 1
| #define HAVE_STDLIB_H 1
| #define HAVE_STRING_H 1
| #define HAVE_MEMORY_H 1
| #define HAVE_STRINGS_H 1
| #define HAVE_INTTYPES_H 1
| #define HAVE_STDINT_H 1
| #define HAVE_UNISTD_H 1
| /* end confdefs.h.  */
| #include <sys/ioccom.h>
configure:3616: result: no
configure:3651: checking for sys/ioccom.h
configure:3658: result: no
configure:3535: checking sys/sockio.h usability
configure:3547: arm-none-linux-gnueabi-gcc -c -g -O2  conftest.c >&5
conftest.c:55:24: error: sys/sockio.h: No such file or directory
configure:3553: $? = 1
configure: failed program was:
| /* confdefs.h.  */
| 
| #define PACKAGE_NAME ""
| #define PACKAGE_TARNAME ""
| #define PACKAGE_VERSION ""
| #define PACKAGE_STRING ""
| #define PACKAGE_BUGREPORT ""
| #define inline inline
| #define HAVE___ATTRIBUTE__ 1
| #define STDC_HEADERS 1
| #define HAVE_SYS_TYPES_H 1
| #define HAVE_SYS_STAT_H 1
| #define HAVE_STDLIB_H 1
| #define HAVE_STRING_H 1
| #define HAVE_MEMORY_H 1
| #define HAVE_STRINGS_H 1
| #define HAVE_INTTYPES_H 1
| #define HAVE_STDINT_H 1
| #define HAVE_UNISTD_H 1
| /* end confdefs.h.  */
| #include <stdio.h>
| #if HAVE_SYS_TYPES_H
| # include <sys/types.h>
| #endif
| #if HAVE_SYS_STAT_H
| # include <sys/stat.h>
| #endif
| #if STDC_HEADERS
| # include <stdlib.h>
| # include <stddef.h>
| #else
| # if HAVE_STDLIB_H
| #  include <stdlib.h>
| # endif
| #endif
| #if HAVE_STRING_H
| # if !STDC_HEADERS && HAVE_MEMORY_H
| #  include <memory.h>
| # endif
| # include <string.h>
| #endif
| #if HAVE_STRINGS_H
| # include <strings.h>
| #endif
| #if HAVE_INTTYPES_H
| # include <inttypes.h>
| #else
| # if HAVE_STDINT_H
| #  include <stdint.h>
| # endif
| #endif
| #if HAVE_UNISTD_H
| # include <unistd.h>
| #endif
| #include <sys/sockio.h>
configure:3576: result: no
configure:3580: checking sys/sockio.h presence
configure:3590: arm-none-linux-gnueabi-gcc -E  conftest.c
conftest.c:21:24: error: sys/sockio.h: No such file or directory
configure:3596: $? = 1
configure: failed program was:
| /* confdefs.h.  */
| 
| #define PACKAGE_NAME ""
| #define PACKAGE_TARNAME ""
| #define PACKAGE_VERSION ""
| #define PACKAGE_STRING ""
| #define PACKAGE_BUGREPORT ""
| #define inline inline
| #define HAVE___ATTRIBUTE__ 1
| #define STDC_HEADERS 1
| #define HAVE_SYS_TYPES_H 1
| #define HAVE_SYS_STAT_H 1
| #define HAVE_STDLIB_H 1
| #define HAVE_STRING_H 1
| #define HAVE_MEMORY_H 1
| #define HAVE_STRINGS_H 1
| #define HAVE_INTTYPES_H 1
| #define HAVE_STDINT_H 1
| #define HAVE_UNISTD_H 1
| /* end confdefs.h.  */
| #include <sys/sockio.h>
configure:3616: result: no
configure:3651: checking for sys/sockio.h
configure:3658: result: no
configure:3535: checking limits.h usability
configure:3547: arm-none-linux-gnueabi-gcc -c -g -O2  conftest.c >&5
configure:3553: $? = 0
configure:3557: test -z 
			 || test ! -s conftest.err
configure:3560: $? = 0
configure:3563: test -s conftest.o
configure:3566: $? = 0
configure:3576: result: yes
configure:3580: checking limits.h presence
configure:3590: arm-none-linux-gnueabi-gcc -E  conftest.c
configure:3596: $? = 0
configure:3616: result: yes
configure:3651: checking for limits.h
configure:3658: result: yes
configure:3535: checking paths.h usability
configure:3547: arm-none-linux-gnueabi-gcc -c -g -O2  conftest.c >&5
configure:3553: $? = 0
configure:3557: test -z 
			 || test ! -s conftest.err
configure:3560: $? = 0
configure:3563: test -s conftest.o
configure:3566: $? = 0
configure:3576: result: yes
configure:3580: checking paths.h presence
configure:3590: arm-none-linux-gnueabi-gcc -E  conftest.c
configure:3596: $? = 0
configure:3616: result: yes
configure:3651: checking for paths.h
configure:3658: result: yes
configure:3675: checking for netinet/if_ether.h
configure:3692: arm-none-linux-gnueabi-gcc -c -g -O2  conftest.c >&5
configure:3698: $? = 0
configure:3702: test -z 
			 || test ! -s conftest.err
configure:3705: $? = 0
configure:3708: test -s conftest.o
configure:3711: $? = 0
configure:3722: result: yes
configure:3813: checking for ANSI ioctl definitions
configure:3846: arm-none-linux-gnueabi-gcc -c -g -O2  conftest.c >&5
configure:3852: $? = 0
configure:3856: test -z 
			 || test ! -s conftest.err
configure:3859: $? = 0
configure:3862: test -s conftest.o
configure:3865: $? = 0
configure:3877: result: yes
configure:3893: checking for strerror
configure:3950: arm-none-linux-gnueabi-gcc -o conftest -g -O2   conftest.c  >&5
configure:3956: $? = 0
configure:3960: test -z 
			 || test ! -s conftest.err
configure:3963: $? = 0
configure:3966: test -s conftest
configure:3969: $? = 0
configure:3981: result: yes
configure:3893: checking for strlcpy
configure:3950: arm-none-linux-gnueabi-gcc -o conftest -g -O2   conftest.c  >&5
/tmp/ccMw58U1.o: In function `main':
/home/smb/vte/openlibs/libpcap-0.9.6/conftest.c:68: undefined reference to `strlcpy'
/tmp/ccMw58U1.o:(.data+0x0): undefined reference to `strlcpy'
collect2: ld returned 1 exit status
configure:3956: $? = 1
configure: failed program was:
| /* confdefs.h.  */
| 
| #define PACKAGE_NAME ""
| #define PACKAGE_TARNAME ""
| #define PACKAGE_VERSION ""
| #define PACKAGE_STRING ""
| #define PACKAGE_BUGREPORT ""
| #define inline inline
| #define HAVE___ATTRIBUTE__ 1
| #define STDC_HEADERS 1
| #define HAVE_SYS_TYPES_H 1
| #define HAVE_SYS_STAT_H 1
| #define HAVE_STDLIB_H 1
| #define HAVE_STRING_H 1
| #define HAVE_MEMORY_H 1
| #define HAVE_STRINGS_H 1
| #define HAVE_INTTYPES_H 1
| #define HAVE_STDINT_H 1
| #define HAVE_UNISTD_H 1
| #define HAVE_LIMITS_H 1
| #define HAVE_PATHS_H 1
| #define HAVE_NETINET_IF_ETHER_H 1
| #define HAVE_STRERROR 1
| /* end confdefs.h.  */
| /* Define strlcpy to an innocuous variant, in case <limits.h> declares strlcpy.
|    For example, HP-UX 11i <limits.h> declares gettimeofday.  */
| #define strlcpy innocuous_strlcpy
| 
| /* System header to define __stub macros and hopefully few prototypes,
|     which can conflict with char strlcpy (); below.
|     Prefer <limits.h> to <assert.h> if __STDC__ is defined, since
|     <limits.h> exists even on freestanding compilers.  */
| 
| #ifdef __STDC__
| # include <limits.h>
| #else
| # include <assert.h>
| #endif
| 
| #undef strlcpy
| 
| /* Override any gcc2 internal prototype to avoid an error.  */
| #ifdef __cplusplus
| extern "C"
| {
| #endif
| /* We use char because int might match the return type of a gcc2
|    builtin and then its argument prototype would still apply.  */
| char strlcpy ();
| /* The GNU C library defines this for functions which it implements
|     to always fail with ENOSYS.  Some functions are actually named
|     something starting with __ and the normal name is an alias.  */
| #if defined (__stub_strlcpy) || defined (__stub___strlcpy)
| choke me
| #else
| char (*f) () = strlcpy;
| #endif
| #ifdef __cplusplus
| }
| #endif
| 
| int
| main ()
| {
| return f != strlcpy;
|   ;
|   return 0;
| }
configure:3981: result: no
configure:3998: checking for vsnprintf
configure:4055: arm-none-linux-gnueabi-gcc -o conftest -g -O2   conftest.c  >&5
conftest.c:49: warning: conflicting types for built-in function 'vsnprintf'
configure:4061: $? = 0
configure:4065: test -z 
			 || test ! -s conftest.err
configure:4068: $? = 0
configure:4071: test -s conftest
configure:4074: $? = 0
configure:4086: result: yes
configure:3998: checking for snprintf
configure:4055: arm-none-linux-gnueabi-gcc -o conftest -g -O2   conftest.c  >&5
conftest.c:50: warning: conflicting types for built-in function 'snprintf'
configure:4061: $? = 0
configure:4065: test -z 
			 || test ! -s conftest.err
configure:4068: $? = 0
configure:4071: test -s conftest
configure:4074: $? = 0
configure:4086: result: yes
configure:4118: checking for library containing gethostbyname
configure:4148: arm-none-linux-gnueabi-gcc -o conftest -g -O2   conftest.c  >&5
configure:4154: $? = 0
configure:4158: test -z 
			 || test ! -s conftest.err
configure:4161: $? = 0
configure:4164: test -s conftest
configure:4167: $? = 0
configure:4237: result: none required
configure:4317: checking for library containing socket
configure:4347: arm-none-linux-gnueabi-gcc -o conftest -g -O2   conftest.c  >&5
configure:4353: $? = 0
configure:4357: test -z 
			 || test ! -s conftest.err
configure:4360: $? = 0
configure:4363: test -s conftest
configure:4366: $? = 0
configure:4436: result: none required
configure:4513: checking for library containing putmsg
configure:4543: arm-none-linux-gnueabi-gcc -o conftest -g -O2   conftest.c  >&5
/tmp/ccwcfsd3.o: In function `main':
/home/smb/vte/openlibs/libpcap-0.9.6/conftest.c:38: warning: warning: putmsg is not implemented and will always fail
configure:4549: $? = 0
configure:4553: test -z 
			 || test ! -s conftest.err
configure:4556: $? = 0
configure:4559: test -s conftest
configure:4562: $? = 0
configure:4632: result: none required
configure:4656: checking for ether_hostton
configure:4713: arm-none-linux-gnueabi-gcc -o conftest -g -O2   conftest.c  >&5
configure:4719: $? = 0
configure:4723: test -z 
			 || test ! -s conftest.err
configure:4726: $? = 0
configure:4729: test -s conftest
configure:4732: $? = 0
configure:4744: result: yes
configure:4762: checking whether ether_hostton is declared
configure:4796: arm-none-linux-gnueabi-gcc -c -g -O2  conftest.c >&5
conftest.c: In function 'main':
conftest.c:43: error: 'ether_hostton' undeclared (first use in this function)
conftest.c:43: error: (Each undeclared identifier is reported only once
conftest.c:43: error: for each function it appears in.)
configure:4802: $? = 1
configure: failed program was:
| /* confdefs.h.  */
| 
| #define PACKAGE_NAME ""
| #define PACKAGE_TARNAME ""
| #define PACKAGE_VERSION ""
| #define PACKAGE_STRING ""
| #define PACKAGE_BUGREPORT ""
| #define inline inline
| #define HAVE___ATTRIBUTE__ 1
| #define STDC_HEADERS 1
| #define HAVE_SYS_TYPES_H 1
| #define HAVE_SYS_STAT_H 1
| #define HAVE_STDLIB_H 1
| #define HAVE_STRING_H 1
| #define HAVE_MEMORY_H 1
| #define HAVE_STRINGS_H 1
| #define HAVE_INTTYPES_H 1
| #define HAVE_STDINT_H 1
| #define HAVE_UNISTD_H 1
| #define HAVE_LIMITS_H 1
| #define HAVE_PATHS_H 1
| #define HAVE_NETINET_IF_ETHER_H 1
| #define HAVE_STRERROR 1
| #define HAVE_VSNPRINTF 1
| #define HAVE_SNPRINTF 1
| #define HAVE_ETHER_HOSTTON 1
| /* end confdefs.h.  */
| 
| #include <sys/types.h>
| #include <sys/socket.h>
| #include <netinet/in.h>
| #include <arpa/inet.h>
| struct mbuf;
| struct rtentry;
| #include <net/if.h>
| #include <netinet/if_ether.h>
| 
| 
| int
| main ()
| {
| #ifndef ether_hostton
|   char *p = (char *) ether_hostton;
| #endif
| 
|   ;
|   return 0;
| }
configure:4826: result: no
configure:4860: checking netinet/ether.h usability
configure:4872: arm-none-linux-gnueabi-gcc -c -g -O2  conftest.c >&5
configure:4878: $? = 0
configure:4882: test -z 
			 || test ! -s conftest.err
configure:4885: $? = 0
configure:4888: test -s conftest.o
configure:4891: $? = 0
configure:4901: result: yes
configure:4905: checking netinet/ether.h presence
configure:4915: arm-none-linux-gnueabi-gcc -E  conftest.c
configure:4921: $? = 0
configure:4941: result: yes
configure:4976: checking for netinet/ether.h
configure:4983: result: yes
configure:5004: checking whether ether_hostton is declared
configure:5031: arm-none-linux-gnueabi-gcc -c -g -O2  conftest.c >&5
configure:5037: $? = 0
configure:5041: test -z 
			 || test ! -s conftest.err
configure:5044: $? = 0
configure:5047: test -s conftest.o
configure:5050: $? = 0
configure:5061: result: yes
configure:5172: checking if --disable-protochain option is specified
configure:5192: result: enabled
configure:5206: checking packet capture type
configure:5242: result: linux
configure:5253: checking for getifaddrs
configure:5310: arm-none-linux-gnueabi-gcc -o conftest -g -O2   conftest.c  >&5
configure:5316: $? = 0
configure:5320: test -z 
			 || test ! -s conftest.err
configure:5323: $? = 0
configure:5326: test -s conftest
configure:5329: $? = 0
configure:5341: result: yes
configure:5359: checking ifaddrs.h usability
configure:5371: arm-none-linux-gnueabi-gcc -c -g -O2  conftest.c >&5
configure:5377: $? = 0
configure:5381: test -z 
			 || test ! -s conftest.err
configure:5384: $? = 0
configure:5387: test -s conftest.o
configure:5390: $? = 0
configure:5400: result: yes
configure:5404: checking ifaddrs.h presence
configure:5414: arm-none-linux-gnueabi-gcc -E  conftest.c
configure:5420: $? = 0
configure:5440: result: yes
configure:5475: checking for ifaddrs.h
configure:5482: result: yes
configure:5610: checking if --enable-ipv6 option is specified
configure:5624: result: no
configure:5627: checking whether to build optimizer debugging code
configure:5641: result: no
configure:5644: checking whether to build parser debugging code
configure:5658: result: no
configure:5847: checking Linux kernel version
configure:5865: result: 2.6.28
configure:5877: checking if if_packet.h has tpacket_stats defined
configure:5899: arm-none-linux-gnueabi-gcc -c -g -O2  conftest.c >&5
configure:5905: $? = 0
configure:5909: test -z 
			 || test ! -s conftest.err
configure:5912: $? = 0
configure:5915: test -s conftest.o
configure:5918: $? = 0
configure:5930: result: yes
configure:5958: checking whether we have /proc/net/dev
configure:5972: result: yes
configure:6053: checking whether we have DAG API headers
configure:6076: result: no (/usr/local/include)
configure:6432: checking whether we have Septel API
configure:6457: result: no
configure:6500: checking for flex
configure:6516: found /usr/bin/flex
configure:6526: result: flex
configure:6540: checking for flex 2.4 or higher
configure:6552: result: yes
configure:6568: checking for bison
configure:6584: found /usr/bin/bison
configure:6594: result: bison
configure:6767: checking for arm-none-linux-gnueabi-ranlib
configure:6783: found /opt/freescale/usr/local/gcc-4.1.2-glibc-2.5-nptl-3/arm-none-linux-gnueabi/bin/arm-none-linux-gnueabi-ranlib
configure:6793: result: arm-none-linux-gnueabi-ranlib
configure:6886: checking if sockaddr struct has sa_len member
configure:6909: arm-none-linux-gnueabi-gcc -c -g -O2  conftest.c >&5
conftest.c: In function 'main':
conftest.c:39: error: 'struct sockaddr' has no member named 'sa_len'
configure:6915: $? = 1
configure: failed program was:
| /* confdefs.h.  */
| 
| #define PACKAGE_NAME ""
| #define PACKAGE_TARNAME ""
| #define PACKAGE_VERSION ""
| #define PACKAGE_STRING ""
| #define PACKAGE_BUGREPORT ""
| #define inline inline
| #define HAVE___ATTRIBUTE__ 1
| #define STDC_HEADERS 1
| #define HAVE_SYS_TYPES_H 1
| #define HAVE_SYS_STAT_H 1
| #define HAVE_STDLIB_H 1
| #define HAVE_STRING_H 1
| #define HAVE_MEMORY_H 1
| #define HAVE_STRINGS_H 1
| #define HAVE_INTTYPES_H 1
| #define HAVE_STDINT_H 1
| #define HAVE_UNISTD_H 1
| #define HAVE_LIMITS_H 1
| #define HAVE_PATHS_H 1
| #define HAVE_NETINET_IF_ETHER_H 1
| #define HAVE_STRERROR 1
| #define HAVE_VSNPRINTF 1
| #define HAVE_SNPRINTF 1
| #define HAVE_ETHER_HOSTTON 1
| #define HAVE_NETINET_ETHER_H 1
| #define NETINET_ETHER_H_DECLARES_ETHER_HOSTTON
| #define HAVE_DECL_ETHER_HOSTTON 1
| #define HAVE_TPACKET_STATS 1
| #define HAVE_PROC_NET_DEV 1
| /* end confdefs.h.  */
| 
| #	include <sys/types.h>
| #	include <sys/socket.h>
| int
| main ()
| {
| u_int i = sizeof(((struct sockaddr *)0)->sa_len)
|   ;
|   return 0;
| }
configure:6940: result: no
configure:6950: checking if sockaddr_storage struct exists
configure:6973: arm-none-linux-gnueabi-gcc -c -g -O2  conftest.c >&5
configure:6979: $? = 0
configure:6983: test -z 
			 || test ! -s conftest.err
configure:6986: $? = 0
configure:6989: test -s conftest.o
configure:6992: $? = 0
configure:7004: result: yes
configure:7014: checking if dl_hp_ppa_info_t struct has dl_module_id_1 member
configure:7038: arm-none-linux-gnueabi-gcc -c -g -O2  conftest.c >&5
conftest.c:36:23: error: sys/dlpi.h: No such file or directory
conftest.c:37:27: error: sys/dlpi_ext.h: No such file or directory
conftest.c: In function 'main':
conftest.c:41: error: 'dl_hp_ppa_info_t' undeclared (first use in this function)
conftest.c:41: error: (Each undeclared identifier is reported only once
conftest.c:41: error: for each function it appears in.)
conftest.c:41: error: expected expression before ')' token
configure:7044: $? = 1
configure: failed program was:
| /* confdefs.h.  */
| 
| #define PACKAGE_NAME ""
| #define PACKAGE_TARNAME ""
| #define PACKAGE_VERSION ""
| #define PACKAGE_STRING ""
| #define PACKAGE_BUGREPORT ""
| #define inline inline
| #define HAVE___ATTRIBUTE__ 1
| #define STDC_HEADERS 1
| #define HAVE_SYS_TYPES_H 1
| #define HAVE_SYS_STAT_H 1
| #define HAVE_STDLIB_H 1
| #define HAVE_STRING_H 1
| #define HAVE_MEMORY_H 1
| #define HAVE_STRINGS_H 1
| #define HAVE_INTTYPES_H 1
| #define HAVE_STDINT_H 1
| #define HAVE_UNISTD_H 1
| #define HAVE_LIMITS_H 1
| #define HAVE_PATHS_H 1
| #define HAVE_NETINET_IF_ETHER_H 1
| #define HAVE_STRERROR 1
| #define HAVE_VSNPRINTF 1
| #define HAVE_SNPRINTF 1
| #define HAVE_ETHER_HOSTTON 1
| #define HAVE_NETINET_ETHER_H 1
| #define NETINET_ETHER_H_DECLARES_ETHER_HOSTTON
| #define HAVE_DECL_ETHER_HOSTTON 1
| #define HAVE_TPACKET_STATS 1
| #define HAVE_PROC_NET_DEV 1
| #define HAVE_SOCKADDR_STORAGE 1
| /* end confdefs.h.  */
| 
| #	include <sys/types.h>
| #	include <sys/dlpi.h>
| #	include <sys/dlpi_ext.h>
| int
| main ()
| {
| u_int i = sizeof(((dl_hp_ppa_info_t *)0)->dl_module_id_1)
|   ;
|   return 0;
| }
configure:7069: result: no
configure:7079: checking if unaligned accesses fail
configure:7166: result: yes
configure:7215: checking for a BSD-compatible install
configure:7270: result: /usr/bin/install -c
configure:7381: creating ./config.status

## ---------------------- ##
## Running config.status. ##
## ---------------------- ##

This file was extended by config.status, which was
generated by GNU Autoconf 2.59.  Invocation command line was

  CONFIG_FILES    = 
  CONFIG_HEADERS  = 
  CONFIG_LINKS    = 
  CONFIG_COMMANDS = 
  $ ./config.status 

on localhost.localdomain

config.status:676: creating Makefile
config.status:780: creating config.h
config.status:916: config.h is unchanged

## ---------------- ##
## Cache variables. ##
## ---------------- ##

ac_cv___attribute__=yes
ac_cv_build=i686-pc-linux-gnu
ac_cv_build_alias=i686-pc-linux-gnu
ac_cv_c_compiler_gnu=yes
ac_cv_env_CC_set=
ac_cv_env_CC_value=
ac_cv_env_CFLAGS_set=
ac_cv_env_CFLAGS_value=
ac_cv_env_CPPFLAGS_set=
ac_cv_env_CPPFLAGS_value=
ac_cv_env_CPP_set=
ac_cv_env_CPP_value=
ac_cv_env_LDFLAGS_set=
ac_cv_env_LDFLAGS_value=
ac_cv_env_build_alias_set=
ac_cv_env_build_alias_value=
ac_cv_env_host_alias_set=set
ac_cv_env_host_alias_value=arm-none-linux-gnueabi
ac_cv_env_target_alias_set=
ac_cv_env_target_alias_value=
ac_cv_exeext=
ac_cv_func_ether_hostton=yes
ac_cv_func_getifaddrs=yes
ac_cv_func_snprintf=yes
ac_cv_func_strerror=yes
ac_cv_func_strlcpy=no
ac_cv_func_vsnprintf=yes
ac_cv_have_decl_ether_hostton=yes
ac_cv_header_ifaddrs_h=yes
ac_cv_header_inttypes_h=yes
ac_cv_header_limits_h=yes
ac_cv_header_memory_h=yes
ac_cv_header_netinet_ether_h=yes
ac_cv_header_netinet_if_ether_h=yes
ac_cv_header_paths_h=yes
ac_cv_header_stdc=yes
ac_cv_header_stdint_h=yes
ac_cv_header_stdlib_h=yes
ac_cv_header_string_h=yes
ac_cv_header_strings_h=yes
ac_cv_header_sys_ioccom_h=no
ac_cv_header_sys_sockio_h=no
ac_cv_header_sys_stat_h=yes
ac_cv_header_sys_types_h=yes
ac_cv_header_unistd_h=yes
ac_cv_host=arm-none-linux-gnueabi
ac_cv_host_alias=arm-none-linux-gnueabi
ac_cv_lbl_dag_api=no
ac_cv_lbl_dl_hp_ppa_info_t_has_dl_module_id_1=no
ac_cv_lbl_flex_v24=yes
ac_cv_lbl_gcc_fixincludes=yes
ac_cv_lbl_gcc_vers=4
ac_cv_lbl_has_sockaddr_storage=yes
ac_cv_lbl_have_u_int16_t=yes
ac_cv_lbl_have_u_int32_t=yes
ac_cv_lbl_have_u_int8_t=yes
ac_cv_lbl_inline=inline
ac_cv_lbl_proc_net_dev=yes
ac_cv_lbl_septel_api=no
ac_cv_lbl_sockaddr_has_sa_len=no
ac_cv_lbl_tpacket_stats=yes
ac_cv_lbl_unaligned_fail=yes
ac_cv_linux_vers=2.6.28
ac_cv_objext=o
ac_cv_path_install='/usr/bin/install -c'
ac_cv_prog_CC=arm-none-linux-gnueabi-gcc
ac_cv_prog_CPP='arm-none-linux-gnueabi-gcc -E'
ac_cv_prog_RANLIB=arm-none-linux-gnueabi-ranlib
ac_cv_prog_V_LEX=flex
ac_cv_prog_V_YACC=bison
ac_cv_prog_cc_g=yes
ac_cv_prog_cc_stdc=
ac_cv_prog_egrep='grep -E'
ac_cv_search_gethostbyname='none required'
ac_cv_search_putmsg='none required'
ac_cv_search_socket='none required'
ac_cv_target=arm-none-linux-gnueabi
ac_cv_target_alias=arm-none-linux-gnueabi

## ----------------- ##
## Output variables. ##
## ----------------- ##

CC='arm-none-linux-gnueabi-gcc'
CFLAGS='-g -O2'
CPP='arm-none-linux-gnueabi-gcc -E'
CPPFLAGS=''
DAGLIBS=''
DEFS='-DHAVE_CONFIG_H'
DYEXT='so'
ECHO_C=''
ECHO_N='-n'
ECHO_T=''
EGREP='grep -E'
EXEEXT=''
INSTALL_DATA='${INSTALL} -m 644'
INSTALL_PROGRAM='${INSTALL}'
INSTALL_SCRIPT='${INSTALL}'
LDFLAGS=''
LIBOBJS=''
LIBS=''
LTLIBOBJS=''
OBJEXT='o'
PACKAGE_BUGREPORT=''
PACKAGE_NAME=''
PACKAGE_STRING=''
PACKAGE_TARNAME=''
PACKAGE_VERSION=''
PATH_SEPARATOR=':'
RANLIB='arm-none-linux-gnueabi-ranlib'
SHELL='/bin/sh'
SHLICC2=''
SSRC=''
V_CCOPT='-O2 -fPIC'
V_DEFS=' -D_U_="__attribute__((unused))"'
V_FINDALLDEVS='getad'
V_INCLS=''
V_LEX='flex -Ppcap_'
V_LIBS=''
V_PCAP='linux'
V_RANLIB=''
V_YACC='bison -y -p pcap_'
ac_ct_CC=''
ac_ct_RANLIB=''
bindir='${exec_prefix}/bin'
build='i686-pc-linux-gnu'
build_alias=''
build_cpu='i686'
build_os='linux-gnu'
build_vendor='pc'
datadir='${prefix}/share'
exec_prefix='${prefix}'
host='arm-none-linux-gnueabi'
host_alias='arm-none-linux-gnueabi'
host_cpu='arm'
host_os='linux-gnueabi'
host_vendor='none'
includedir='${prefix}/include'
infodir='${prefix}/info'
libdir='${exec_prefix}/lib'
libexecdir='${exec_prefix}/libexec'
localstatedir='${prefix}/var'
mandir='${prefix}/man'
oldincludedir='/usr/include'
prefix='/home/smb/vte/openlibs/libpcap-0.9.6/../'
program_transform_name='s,x,x,'
sbindir='${exec_prefix}/sbin'
sharedstatedir='${prefix}/com'
sysconfdir='${prefix}/etc'
target='arm-none-linux-gnueabi'
target_alias=''
target_cpu='arm'
target_os='linux-gnueabi'
target_vendor='none'

## ----------- ##
## confdefs.h. ##
## ----------- ##

#define HAVE_DECL_ETHER_HOSTTON 1
#define HAVE_ETHER_HOSTTON 1
#define HAVE_INTTYPES_H 1
#define HAVE_LIMITS_H 1
#define HAVE_MEMORY_H 1
#define HAVE_NETINET_ETHER_H 1
#define HAVE_NETINET_IF_ETHER_H 1
#define HAVE_PATHS_H 1
#define HAVE_PROC_NET_DEV 1
#define HAVE_SNPRINTF 1
#define HAVE_SOCKADDR_STORAGE 1
#define HAVE_STDINT_H 1
#define HAVE_STDLIB_H 1
#define HAVE_STRERROR 1
#define HAVE_STRINGS_H 1
#define HAVE_STRING_H 1
#define HAVE_SYS_STAT_H 1
#define HAVE_SYS_TYPES_H 1
#define HAVE_TPACKET_STATS 1
#define HAVE_UNISTD_H 1
#define HAVE_VERSION_H 1
#define HAVE_VSNPRINTF 1
#define HAVE___ATTRIBUTE__ 1
#define LBL_ALIGN 1
#define NETINET_ETHER_H_DECLARES_ETHER_HOSTTON
#define PACKAGE_BUGREPORT ""
#define PACKAGE_NAME ""
#define PACKAGE_STRING ""
#define PACKAGE_TARNAME ""
#define PACKAGE_VERSION ""
#define STDC_HEADERS 1
#define inline inline

configure: exit 0
